TN:
SF:script/Deploy.s.sol
DA:26,0
FN:26,DeployCorridorHook.run
FNDA:0,DeployCorridorHook.run
DA:27,0
DA:28,0
DA:29,0
DA:31,0
DA:32,0
DA:33,0
DA:34,0
DA:36,0
DA:39,0
DA:40,0
DA:43,0
DA:48,0
DA:52,0
DA:53,0
DA:54,0
BRDA:54,0,0,-
BRDA:51,0,1,-
DA:55,0
DA:62,0
DA:65,0
DA:66,0
DA:68,0
DA:73,0
DA:75,0
DA:76,0
DA:77,0
DA:78,0
DA:79,0
DA:80,0
DA:81,0
DA:82,0
DA:83,0
DA:84,0
DA:85,0
DA:86,0
DA:103,0
FN:103,DeployMainnet.run
FNDA:0,DeployMainnet.run
DA:104,0
BRDA:104,0,0,-
BRDA:104,0,1,-
DA:105,0
BRDA:105,1,0,-
BRDA:105,1,1,-
DA:106,0
BRDA:106,2,0,-
BRDA:106,2,1,-
DA:111,0
DA:112,0
DA:113,0
DA:115,0
BRDA:115,3,0,-
BRDA:115,3,1,-
DA:116,0
BRDA:116,4,0,-
BRDA:116,4,1,-
DA:118,0
DA:119,0
DA:120,0
DA:122,0
DA:125,0
DA:132,0
DA:143,0
DA:145,0
DA:146,0
DA:147,0
DA:148,0
DA:149,0
FNF:2
FNH:0
LF:55
LH:0
BRF:12
BRH:0
end_of_record
TN:
SF:src/CorridorHook.sol
DA:81,1
FN:81,CorridorHook.onlyPoolManager
FNDA:1,CorridorHook.onlyPoolManager
DA:82,1
BRDA:82,0,0,-
DA:88,16
FN:88,CorridorHook.constructor
FNDA:16,CorridorHook.constructor
DA:93,16
BRDA:93,1,0,-
DA:94,16
BRDA:94,2,0,-
DA:95,16
DA:96,0
BRDA:96,3,0,-
DA:98,16
DA:99,16
DA:100,16
DA:101,16
DA:102,16
DA:107,3
FN:107,CorridorHook.beforeInitialize
FNDA:3,CorridorHook.beforeInitialize
DA:112,3
DA:115,3
DA:117,3
DA:120,0
FN:120,CorridorHook.afterInitialize
FNDA:0,CorridorHook.afterInitialize
DA:126,0
DA:129,2
FN:129,CorridorHook.beforeSwap
FNDA:2,CorridorHook.beforeSwap
DA:140,2
DA:143,1
BRDA:143,4,0,1
DA:144,1
DA:148,1
DA:155,0
FN:155,CorridorHook.afterSwap
FNDA:0,CorridorHook.afterSwap
DA:163,0
DA:166,1
FN:166,CorridorHook.beforeAddLiquidity
FNDA:1,CorridorHook.beforeAddLiquidity
DA:173,1
DA:174,1
DA:176,1
DA:178,1
DA:181,0
FN:181,CorridorHook.afterAddLiquidity
FNDA:0,CorridorHook.afterAddLiquidity
DA:189,0
DA:192,1
FN:192,CorridorHook.beforeRemoveLiquidity
FNDA:1,CorridorHook.beforeRemoveLiquidity
DA:199,1
BRDA:199,5,0,1
DA:200,1
DA:201,1
DA:202,1
DA:205,1
DA:208,0
FN:208,CorridorHook.afterRemoveLiquidity
FNDA:0,CorridorHook.afterRemoveLiquidity
DA:216,0
DA:219,0
FN:219,CorridorHook.beforeDonate
FNDA:0,CorridorHook.beforeDonate
DA:226,0
DA:229,0
FN:229,CorridorHook.afterDonate
FNDA:0,CorridorHook.afterDonate
DA:236,0
DA:244,7
FN:244,CorridorHook.setReactiveContract
FNDA:7,CorridorHook.setReactiveContract
DA:245,7
BRDA:245,6,0,1
DA:246,6
DA:247,6
DA:252,2
FN:252,CorridorHook.updatePoolFee
FNDA:2,CorridorHook.updatePoolFee
DA:254,2
DA:255,0
BRDA:255,7,0,-
DA:256,0
DA:259,2
DA:260,2
BRDA:260,8,0,1
BRDA:260,8,1,1
DA:261,1
DA:263,1
DA:267,1
DA:270,2
DA:271,2
DA:276,3
FN:276,CorridorHook.pausePool
FNDA:3,CorridorHook.pausePool
DA:278,3
DA:279,0
BRDA:279,9,0,-
DA:280,0
DA:283,3
DA:284,3
DA:289,1
FN:289,CorridorHook.resumePool
FNDA:1,CorridorHook.resumePool
DA:291,1
DA:292,0
BRDA:292,10,0,-
DA:293,0
DA:296,1
DA:297,1
DA:303,3
FN:303,CorridorHook.setVolatilityThreshold
FNDA:3,CorridorHook.setVolatilityThreshold
DA:304,3
BRDA:304,11,0,-
DA:305,3
DA:306,2
BRDA:306,12,0,2
DA:308,1
DA:309,1
DA:311,1
DA:317,3
FN:317,CorridorHook.setFeeParameters
FNDA:3,CorridorHook.setFeeParameters
DA:318,3
BRDA:318,13,0,-
DA:319,3
DA:320,2
BRDA:320,14,0,2
DA:322,1
DA:323,1
DA:324,1
DA:329,2
FN:329,CorridorHook.transferGovernance
FNDA:2,CorridorHook.transferGovernance
DA:330,2
BRDA:330,15,0,1
DA:331,1
DA:332,1
DA:333,1
FNF:19
FNH:13
LF:90
LH:71
BRF:17
BRH:8
end_of_record
TN:
SF:src/CorridorReactive.sol
DA:70,0
FN:70,CorridorReactive.constructor
FNDA:0,CorridorReactive.constructor
DA:77,0
BRDA:77,0,0,-
DA:78,0
BRDA:78,1,0,-
DA:79,0
BRDA:79,2,0,-
DA:80,0
BRDA:80,3,0,-
DA:81,0
DA:82,0
BRDA:82,4,0,-
DA:84,0
DA:85,0
DA:86,0
DA:87,0
DA:88,0
DA:89,0
DA:92,0
DA:97,0
FN:97,CorridorReactive.onlySystem
FNDA:0,CorridorReactive.onlySystem
DA:98,0
BRDA:98,5,0,-
DA:102,0
FN:102,CorridorReactive.onlyOwner
FNDA:0,CorridorReactive.onlyOwner
DA:103,0
BRDA:103,6,0,-
DA:111,0
FN:111,CorridorReactive.react
FNDA:0,CorridorReactive.react
DA:124,0
DA:127,0
DA:133,0
FN:133,CorridorReactive._subscribe
FNDA:0,CorridorReactive._subscribe
DA:136,0
DA:147,0
FN:147,CorridorReactive._checkVolatility
FNDA:0,CorridorReactive._checkVolatility
DA:148,0
DA:151,0
BRDA:151,7,0,-
DA:152,0
DA:153,0
DA:157,0
DA:161,0
DA:162,0
BRDA:162,8,0,-
BRDA:162,8,1,-
DA:163,0
DA:165,0
DA:168,0
DA:175,0
BRDA:175,9,0,-
BRDA:175,9,1,-
DA:176,0
DA:180,0
DA:181,0
BRDA:181,10,0,-
DA:182,0
DA:186,0
DA:187,0
DA:194,0
FN:194,CorridorReactive._pausePool
FNDA:0,CorridorReactive._pausePool
DA:195,0
DA:198,0
DA:205,0
DA:207,0
DA:214,0
FN:214,CorridorReactive._resumePool
FNDA:0,CorridorReactive._resumePool
DA:215,0
DA:218,0
DA:224,0
DA:226,0
DA:232,0
FN:232,CorridorReactive._sendCallback
FNDA:0,CorridorReactive._sendCallback
DA:234,0
DA:243,0
BRDA:243,11,0,-
DA:250,0
FN:250,CorridorReactive.setVolatilityThreshold
FNDA:0,CorridorReactive.setVolatilityThreshold
DA:251,0
DA:252,0
BRDA:252,12,0,-
DA:253,0
DA:254,0
DA:255,0
DA:260,0
FN:260,CorridorReactive.setCorridorHook
FNDA:0,CorridorReactive.setCorridorHook
DA:261,0
BRDA:261,13,0,-
DA:262,0
DA:263,0
DA:268,0
FN:268,CorridorReactive.setPriceOracle
FNDA:0,CorridorReactive.setPriceOracle
DA:269,0
BRDA:269,14,0,-
DA:270,0
DA:271,0
DA:272,0
DA:277,0
FN:277,CorridorReactive.transferOwnership
FNDA:0,CorridorReactive.transferOwnership
DA:278,0
BRDA:278,15,0,-
DA:279,0
DA:280,0
DA:281,0
DA:285,0
FN:285,CorridorReactive.manualCheckVolatility
FNDA:0,CorridorReactive.manualCheckVolatility
DA:289,0
FNF:14
FNH:0
LF:76
LH:0
BRF:18
BRH:0
end_of_record
TN:
SF:src/mocks/MockPriceOracle.sol
DA:24,0
FN:24,MockPriceOracle.constructor
FNDA:0,MockPriceOracle.constructor
DA:25,0
DA:33,0
FN:33,MockPriceOracle.updatePrice
FNDA:0,MockPriceOracle.updatePrice
DA:34,0
BRDA:34,0,0,-
BRDA:34,0,1,-
DA:36,0
DA:37,0
DA:41,0
FN:41,MockPriceOracle.getPrice
FNDA:0,MockPriceOracle.getPrice
DA:42,0
DA:49,0
FN:49,MockPriceOracle.simulateVolatility
FNDA:0,MockPriceOracle.simulateVolatility
DA:54,0
BRDA:54,1,0,-
BRDA:54,1,1,-
DA:56,0
DA:57,0
BRDA:57,2,0,-
BRDA:57,2,1,-
DA:59,0
DA:60,0
DA:64,0
DA:65,0
DA:69,0
FN:69,MockPriceOracle.transferOwnership
FNDA:0,MockPriceOracle.transferOwnership
DA:70,0
BRDA:70,3,0,-
BRDA:70,3,1,-
DA:71,0
FNF:5
FNH:0
LF:19
LH:0
BRF:8
BRH:0
end_of_record
